<?xml version="1.0" encoding="UTF-8"?>
<!-- Generated by org.testng.reporters.JUnitReportReporter -->
<testsuite hostname="DESKTOP-90LP3GB" failures="0" tests="1" name="testcases.LoginTest" time="0.733" errors="0" timestamp="2023-11-29T12:30:24 IST" skipped="0">
  <testcase classname="testcases.LoginTest" name="ValidLogin" time="0.733"/>
  <system-out>
    <![CDATA[Log Info: Setting upthe Browser
LOG:INFO- Browser And Application Is Up And Running
LOG:INFO- Running After Class- Closing Browser
Log Info: Closing the Browse
LOG:INFO- Browser Closed]]>
  </system-out>
</testsuite> <!-- testcases.LoginTest -->
